<?xml version="1.0" encoding="UTF-8"?>
<!-- Generated by org.testng.reporters.JUnitReportReporter -->
<testsuite hostname="DESKTOP-8A44VM7" failures="0" tests="1" name="com.mvncommands.SanityTest" time="0.009" errors="0" timestamp="2022-07-21T12:29:32 IST" skipped="0">
  <testcase classname="com.mvncommands.SanityTest" name="sanityTesting" time="0.009"/>
  <system-out>
    <![CDATA[testing sanity]]>
  </system-out>
</testsuite> <!-- com.mvncommands.SanityTest -->
