<?xml version="1.0" encoding="UTF-8"?>
<!-- Generated by org.testng.reporters.JUnitReportReporter -->
<testsuite hostname="DESKTOP-8A44VM7" failures="0" tests="1" name="com.mvncommands.SendDataFromCmd" time="0.014" errors="0" timestamp="2022-07-18T21:37:12 IST" skipped="0">
  <testcase classname="com.mvncommands.SendDataFromCmd" name="sendData" time="0.014"/>
  <system-out>
    <![CDATA[null
null]]>
  </system-out>
</testsuite> <!-- com.mvncommands.SendDataFromCmd -->
