<?xml version="1.0" encoding="UTF-8"?>
<!-- Generated by org.testng.reporters.JUnitReportReporter -->
<testsuite hostname="DESKTOP-8A44VM7" failures="0" tests="1" name="com.mvn.test.PracticeTest" time="0.011" errors="0" timestamp="2022-07-18T20:50:16 IST" skipped="0">
  <testcase classname="com.mvn.test.PracticeTest" name="chats" time="0.011"/>
  <system-out>
    <![CDATA[testNG]]>
  </system-out>
</testsuite> <!-- com.mvn.test.PracticeTest -->
