<?xml version="1.0" encoding="UTF-8"?>
<!-- Generated by org.testng.reporters.JUnitReportReporter -->
<testsuite hostname="DESKTOP-8A44VM7" failures="0" tests="1" name="com.mvn.test.Practice1Test" time="0.010" errors="0" timestamp="2022-07-18T15:36:31 IST" skipped="0">
  <testcase classname="com.mvn.test.Practice1Test" name="calls" time="0.010"/>
  <system-out>
    <![CDATA[calls]]>
  </system-out>
</testsuite> <!-- com.mvn.test.Practice1Test -->
